Started GET "/" for 127.0.0.1 at 2023-10-11 12:24:01 -0500
  [1m[35m (4.3ms)[0m  [1m[35mCREATE TABLE "schema_migrations" ("version" varchar NOT NULL PRIMARY KEY)[0m
  [1m[35m (0.1ms)[0m  [1m[35mCREATE TABLE "ar_internal_metadata" ("key" varchar NOT NULL PRIMARY KEY, "value" varchar, "created_at" datetime(6) NOT NULL, "updated_at" datetime(6) NOT NULL)[0m
  [1m[36mActiveRecord::SchemaMigration Load (0.1ms)[0m  [1m[34mSELECT "schema_migrations"."version" FROM "schema_migrations" ORDER BY "schema_migrations"."version" ASC[0m
Processing by Rails::WelcomeController#index as HTML
  Rendering /home/aztirma/.rvm/gems/ruby-3.0.2/gems/railties-7.1.0/lib/rails/templates/rails/welcome/index.html.erb
  Rendered /home/aztirma/.rvm/gems/ruby-3.0.2/gems/railties-7.1.0/lib/rails/templates/rails/welcome/index.html.erb (Duration: 0.1ms | Allocations: 576)
Completed 200 OK in 25ms (Views: 6.8ms | ActiveRecord: 0.0ms | Allocations: 10089)


  [1m[36mActiveRecord::InternalMetadata Load (0.1ms)[0m  [1m[34mSELECT * FROM "ar_internal_metadata" WHERE "ar_internal_metadata"."key" = ? ORDER BY "ar_internal_metadata"."key" ASC LIMIT 1[0m  [[nil, "environment"]]
  [1m[36mActiveRecord::InternalMetadata Create (0.4ms)[0m  [1m[32mINSERT INTO "ar_internal_metadata" ("key", "value", "created_at", "updated_at") VALUES ('environment', 'development', '2023-10-11 17:56:26.423224', '2023-10-11 17:56:26.423236') RETURNING "key"[0m
  [1m[36mActiveRecord::SchemaMigration Load (0.1ms)[0m  [1m[34mSELECT "schema_migrations"."version" FROM "schema_migrations" ORDER BY "schema_migrations"."version" ASC[0m
Migrating to CreateMovies (20231011174038)
  [1m[36mActiveRecord::InternalMetadata Load (0.1ms)[0m  [1m[34mSELECT * FROM "ar_internal_metadata" WHERE "ar_internal_metadata"."key" = ? ORDER BY "ar_internal_metadata"."key" ASC LIMIT 1[0m  [[nil, "environment"]]
  [1m[36mActiveRecord::SchemaMigration Load (0.1ms)[0m  [1m[34mSELECT "schema_migrations"."version" FROM "schema_migrations" ORDER BY "schema_migrations"."version" ASC[0m
Migrating to CreateMovies (20231011174038)
  [1m[36mTRANSACTION (0.1ms)[0m  [1m[36mbegin transaction[0m
  [1m[35m (0.8ms)[0m  [1m[35mCREATE TABLE "movies" ("id" integer PRIMARY KEY AUTOINCREMENT NOT NULL, "title" varchar, "rating" varchar, "description" text, "release_date" datetime(6), "created_at" datetime(6) NOT NULL, "updated_at" datetime(6) NOT NULL)[0m
  [1m[36mActiveRecord::SchemaMigration Create (0.1ms)[0m  [1m[32mINSERT INTO "schema_migrations" ("version") VALUES ('20231011174038') RETURNING "version"[0m
  [1m[36mTRANSACTION (0.9ms)[0m  [1m[36mcommit transaction[0m
  [1m[36mActiveRecord::SchemaMigration Load (0.0ms)[0m  [1m[34mSELECT "schema_migrations"."version" FROM "schema_migrations" ORDER BY "schema_migrations"."version" ASC[0m
  [1m[36mActiveRecord::SchemaMigration Load (0.1ms)[0m  [1m[34mSELECT "schema_migrations"."version" FROM "schema_migrations" ORDER BY "schema_migrations"."version" ASC[0m
  [1m[36mActiveRecord::InternalMetadata Load (0.1ms)[0m  [1m[34mSELECT * FROM "ar_internal_metadata" WHERE "ar_internal_metadata"."key" = ? ORDER BY "ar_internal_metadata"."key" ASC LIMIT 1[0m  [[nil, "environment"]]
  [1m[36mActiveRecord::SchemaMigration Load (0.0ms)[0m  [1m[34mSELECT "schema_migrations"."version" FROM "schema_migrations" ORDER BY "schema_migrations"."version" ASC[0m
  [1m[36mActiveRecord::InternalMetadata Load (0.1ms)[0m  [1m[34mSELECT * FROM "ar_internal_metadata" WHERE "ar_internal_metadata"."key" = ? ORDER BY "ar_internal_metadata"."key" ASC LIMIT 1[0m  [[nil, "environment"]]
  [1m[36mActiveRecord::SchemaMigration Load (0.0ms)[0m  [1m[34mSELECT "schema_migrations"."version" FROM "schema_migrations" ORDER BY "schema_migrations"."version" ASC[0m
  [1m[36mActiveRecord::InternalMetadata Load (0.1ms)[0m  [1m[34mSELECT * FROM "ar_internal_metadata" WHERE "ar_internal_metadata"."key" = ? ORDER BY "ar_internal_metadata"."key" ASC LIMIT 1[0m  [[nil, "environment"]]
  [1m[35m (0.3ms)[0m  [1m[35mDROP TABLE IF EXISTS "movies"[0m
  [1m[35m (3.3ms)[0m  [1m[35mCREATE TABLE "movies" ("id" integer PRIMARY KEY AUTOINCREMENT NOT NULL, "title" varchar, "rating" varchar, "description" text, "release_date" datetime(6), "created_at" datetime(6) NOT NULL, "updated_at" datetime(6) NOT NULL)[0m
  [1m[35m (0.2ms)[0m  [1m[35mCREATE TABLE "schema_migrations" ("version" varchar NOT NULL PRIMARY KEY)[0m
  [1m[36mActiveRecord::SchemaMigration Load (0.1ms)[0m  [1m[34mSELECT "schema_migrations"."version" FROM "schema_migrations" ORDER BY "schema_migrations"."version" ASC[0m
  [1m[35m (0.1ms)[0m  [1m[32mINSERT INTO "schema_migrations" (version) VALUES (20231011174038)[0m
  [1m[35m (0.1ms)[0m  [1m[35mCREATE TABLE "ar_internal_metadata" ("key" varchar NOT NULL PRIMARY KEY, "value" varchar, "created_at" datetime(6) NOT NULL, "updated_at" datetime(6) NOT NULL)[0m
  [1m[36mActiveRecord::InternalMetadata Load (0.1ms)[0m  [1m[34mSELECT * FROM "ar_internal_metadata" WHERE "ar_internal_metadata"."key" = ? ORDER BY "ar_internal_metadata"."key" ASC LIMIT 1[0m  [[nil, "environment"]]
  [1m[36mActiveRecord::InternalMetadata Create (0.2ms)[0m  [1m[32mINSERT INTO "ar_internal_metadata" ("key", "value", "created_at", "updated_at") VALUES ('environment', 'development', '2023-10-11 18:00:34.349130', '2023-10-11 18:00:34.349180') RETURNING "key"[0m
  [1m[36mActiveRecord::InternalMetadata Load (0.1ms)[0m  [1m[34mSELECT * FROM "ar_internal_metadata" WHERE "ar_internal_metadata"."key" = ? ORDER BY "ar_internal_metadata"."key" ASC LIMIT 1[0m  [[nil, "environment"]]
  [1m[36mActiveRecord::InternalMetadata Update (0.1ms)[0m  [1m[33mUPDATE "ar_internal_metadata" SET "value" = 'test', "updated_at" = '2023-10-11 18:00:34.352711' WHERE "ar_internal_metadata"."key" = 'environment'[0m
  [1m[36mActiveRecord::InternalMetadata Load (0.1ms)[0m  [1m[34mSELECT * FROM "ar_internal_metadata" WHERE "ar_internal_metadata"."key" = ? ORDER BY "ar_internal_metadata"."key" ASC LIMIT 1[0m  [[nil, "schema_sha1"]]
  [1m[36mActiveRecord::InternalMetadata Create (0.2ms)[0m  [1m[32mINSERT INTO "ar_internal_metadata" ("key", "value", "created_at", "updated_at") VALUES ('schema_sha1', '1041c5a4f312cc6844e3d0030f00096abe47501d', '2023-10-11 18:00:34.354093', '2023-10-11 18:00:34.354299') RETURNING "key"[0m
  [1m[36mActiveRecord::SchemaMigration Load (0.1ms)[0m  [1m[34mSELECT "schema_migrations"."version" FROM "schema_migrations" ORDER BY "schema_migrations"."version" ASC[0m
  [1m[36mActiveRecord::InternalMetadata Load (0.1ms)[0m  [1m[34mSELECT * FROM "ar_internal_metadata" WHERE "ar_internal_metadata"."key" = ? ORDER BY "ar_internal_metadata"."key" ASC LIMIT 1[0m  [[nil, "environment"]]
  [1m[36mActiveRecord::SchemaMigration Load (0.0ms)[0m  [1m[34mSELECT "schema_migrations"."version" FROM "schema_migrations" ORDER BY "schema_migrations"."version" ASC[0m
  [1m[36mActiveRecord::InternalMetadata Load (0.1ms)[0m  [1m[34mSELECT * FROM "ar_internal_metadata" WHERE "ar_internal_metadata"."key" = ? ORDER BY "ar_internal_metadata"."key" ASC LIMIT 1[0m  [[nil, "environment"]]
  [1m[36mActiveRecord::SchemaMigration Load (0.0ms)[0m  [1m[34mSELECT "schema_migrations"."version" FROM "schema_migrations" ORDER BY "schema_migrations"."version" ASC[0m
  [1m[36mActiveRecord::InternalMetadata Load (0.1ms)[0m  [1m[34mSELECT * FROM "ar_internal_metadata" WHERE "ar_internal_metadata"."key" = ? ORDER BY "ar_internal_metadata"."key" ASC LIMIT 1[0m  [[nil, "environment"]]
  [1m[35m (0.2ms)[0m  [1m[35mDROP TABLE IF EXISTS "movies"[0m
  [1m[35m (3.8ms)[0m  [1m[35mCREATE TABLE "movies" ("id" integer PRIMARY KEY AUTOINCREMENT NOT NULL, "title" varchar, "rating" varchar, "description" text, "release_date" datetime(6), "created_at" datetime(6) NOT NULL, "updated_at" datetime(6) NOT NULL)[0m
  [1m[35m (0.7ms)[0m  [1m[35mCREATE TABLE "schema_migrations" ("version" varchar NOT NULL PRIMARY KEY)[0m
  [1m[36mActiveRecord::SchemaMigration Load (0.1ms)[0m  [1m[34mSELECT "schema_migrations"."version" FROM "schema_migrations" ORDER BY "schema_migrations"."version" ASC[0m
  [1m[35m (0.1ms)[0m  [1m[32mINSERT INTO "schema_migrations" (version) VALUES (20231011174038)[0m
  [1m[35m (0.1ms)[0m  [1m[35mCREATE TABLE "ar_internal_metadata" ("key" varchar NOT NULL PRIMARY KEY, "value" varchar, "created_at" datetime(6) NOT NULL, "updated_at" datetime(6) NOT NULL)[0m
  [1m[36mActiveRecord::InternalMetadata Load (0.1ms)[0m  [1m[34mSELECT * FROM "ar_internal_metadata" WHERE "ar_internal_metadata"."key" = ? ORDER BY "ar_internal_metadata"."key" ASC LIMIT 1[0m  [[nil, "environment"]]
  [1m[36mActiveRecord::InternalMetadata Create (0.2ms)[0m  [1m[32mINSERT INTO "ar_internal_metadata" ("key", "value", "created_at", "updated_at") VALUES ('environment', 'development', '2023-10-11 18:00:53.949981', '2023-10-11 18:00:53.949993') RETURNING "key"[0m
  [1m[36mActiveRecord::InternalMetadata Load (0.0ms)[0m  [1m[34mSELECT * FROM "ar_internal_metadata" WHERE "ar_internal_metadata"."key" = ? ORDER BY "ar_internal_metadata"."key" ASC LIMIT 1[0m  [[nil, "environment"]]
  [1m[36mActiveRecord::InternalMetadata Update (0.1ms)[0m  [1m[33mUPDATE "ar_internal_metadata" SET "value" = 'test', "updated_at" = '2023-10-11 18:00:53.951525' WHERE "ar_internal_metadata"."key" = 'environment'[0m
  [1m[36mActiveRecord::InternalMetadata Load (0.1ms)[0m  [1m[34mSELECT * FROM "ar_internal_metadata" WHERE "ar_internal_metadata"."key" = ? ORDER BY "ar_internal_metadata"."key" ASC LIMIT 1[0m  [[nil, "schema_sha1"]]
  [1m[36mActiveRecord::InternalMetadata Create (0.1ms)[0m  [1m[32mINSERT INTO "ar_internal_metadata" ("key", "value", "created_at", "updated_at") VALUES ('schema_sha1', '1041c5a4f312cc6844e3d0030f00096abe47501d', '2023-10-11 18:00:53.952513', '2023-10-11 18:00:53.952523') RETURNING "key"[0m
  [1m[36mMovie Load (0.2ms)[0m  [1m[34mSELECT "movies".* FROM "movies" ORDER BY "movies"."id" ASC LIMIT ?[0m  [["LIMIT", 1]]
  [1m[36mActiveRecord::SchemaMigration Load (0.1ms)[0m  [1m[34mSELECT "schema_migrations"."version" FROM "schema_migrations" ORDER BY "schema_migrations"."version" ASC[0m
  [1m[36mTRANSACTION (0.1ms)[0m  [1m[36mbegin transaction[0m
  [1m[36mMovie Create (0.9ms)[0m  [1m[32mINSERT INTO "movies" ("title", "rating", "description", "release_date", "created_at", "updated_at") VALUES (?, ?, ?, ?, ?, ?) RETURNING "id"[0m  [["title", "Ganibal"], ["rating", "G"], ["description", nil], ["release_date", "1992-11-25 00:00:00"], ["created_at", "2023-10-11 18:29:49.145903"], ["updated_at", "2023-10-11 18:29:49.145903"]]
  [1m[36mTRANSACTION (3.9ms)[0m  [1m[36mcommit transaction[0m
  [1m[36mTRANSACTION (0.0ms)[0m  [1m[36mbegin transaction[0m
  [1m[36mMovie Create (0.6ms)[0m  [1m[32mINSERT INTO "movies" ("title", "rating", "description", "release_date", "created_at", "updated_at") VALUES (?, ?, ?, ?, ?, ?) RETURNING "id"[0m  [["title", "Fuerza bruta"], ["rating", "R"], ["description", nil], ["release_date", "1989-07-21 00:00:00"], ["created_at", "2023-10-11 18:29:49.152809"], ["updated_at", "2023-10-11 18:29:49.152809"]]
  [1m[36mTRANSACTION (0.1ms)[0m  [1m[36mcommit transaction[0m
  [1m[36mTRANSACTION (0.0ms)[0m  [1m[36mbegin transaction[0m
  [1m[36mMovie Create (0.6ms)[0m  [1m[32mINSERT INTO "movies" ("title", "rating", "description", "release_date", "created_at", "updated_at") VALUES (?, ?, ?, ?, ?, ?) RETURNING "id"[0m  [["title", "The Ring"], ["rating", "PG-13"], ["description", nil], ["release_date", "2011-08-10 00:00:00"], ["created_at", "2023-10-11 18:29:49.154496"], ["updated_at", "2023-10-11 18:29:49.154496"]]
  [1m[36mTRANSACTION (0.1ms)[0m  [1m[36mcommit transaction[0m
  [1m[36mTRANSACTION (0.0ms)[0m  [1m[36mbegin transaction[0m
  [1m[36mMovie Create (0.5ms)[0m  [1m[32mINSERT INTO "movies" ("title", "rating", "description", "release_date", "created_at", "updated_at") VALUES (?, ?, ?, ?, ?, ?) RETURNING "id"[0m  [["title", "Alien: The Return"], ["rating", "PG"], ["description", nil], ["release_date", "1981-06-12 00:00:00"], ["created_at", "2023-10-11 18:29:49.156311"], ["updated_at", "2023-10-11 18:29:49.156311"]]
  [1m[36mTRANSACTION (0.1ms)[0m  [1m[36mcommit transaction[0m
  [1m[36mMovie Load (0.2ms)[0m  [1m[34mSELECT "movies".* FROM "movies" ORDER BY "movies"."id" ASC LIMIT ?[0m  [["LIMIT", 1]]
Started GET "/" for ::1 at 2023-10-11 13:42:04 -0500
  [1m[36mActiveRecord::SchemaMigration Load (0.1ms)[0m  [1m[34mSELECT "schema_migrations"."version" FROM "schema_migrations" ORDER BY "schema_migrations"."version" ASC[0m
Processing by Rails::WelcomeController#index as HTML
  Rendering /home/aztirma/.rvm/gems/ruby-3.0.2/gems/railties-7.1.0/lib/rails/templates/rails/welcome/index.html.erb
  Rendered /home/aztirma/.rvm/gems/ruby-3.0.2/gems/railties-7.1.0/lib/rails/templates/rails/welcome/index.html.erb (Duration: 0.1ms | Allocations: 576)
Completed 200 OK in 35ms (Views: 9.8ms | ActiveRecord: 0.0ms | Allocations: 7200)


Started GET "/movies" for ::1 at 2023-10-11 13:42:21 -0500
  
ActionController::RoutingError (No route matches [GET] "/movies"):
  
Started GET "/" for 127.0.0.1 at 2023-10-11 13:52:51 -0500
  [1m[36mActiveRecord::SchemaMigration Load (0.1ms)[0m  [1m[34mSELECT "schema_migrations"."version" FROM "schema_migrations" ORDER BY "schema_migrations"."version" ASC[0m
Redirected to http://127.0.0.1:3000/movies
Completed 301 Moved Permanently in 9ms


Started GET "/movies" for 127.0.0.1 at 2023-10-11 13:52:51 -0500
  
ActionController::RoutingError (uninitialized constant MoviesController):
  
Started GET "/movies" for 127.0.0.1 at 2023-10-11 13:53:26 -0500
  
ActionController::RoutingError (uninitialized constant MoviesController):
  
Started GET "/" for 127.0.0.1 at 2023-10-11 13:57:28 -0500
  [1m[36mActiveRecord::SchemaMigration Load (0.2ms)[0m  [1m[34mSELECT "schema_migrations"."version" FROM "schema_migrations" ORDER BY "schema_migrations"."version" ASC[0m
Redirected to http://127.0.0.1:3000/movies
Completed 301 Moved Permanently in 4ms


Started GET "/movies" for 127.0.0.1 at 2023-10-11 13:57:29 -0500
Processing by MoviesController#index as HTML
  Rendering layout layouts/application.html.erb
  Rendering movies/index.html.erb within layouts/application
  [1m[36mMovie Load (0.1ms)[0m  [1m[34mSELECT "movies".* FROM "movies"[0m
  ↳ app/views/movies/index.html.erb:6
  Rendered movies/_movie.html.erb (Duration: 0.6ms | Allocations: 469)
  Rendered movies/_movie.html.erb (Duration: 0.1ms | Allocations: 35)
  Rendered movies/_movie.html.erb (Duration: 0.1ms | Allocations: 35)
  Rendered movies/_movie.html.erb (Duration: 0.1ms | Allocations: 35)
  Rendered movies/index.html.erb within layouts/application (Duration: 56.3ms | Allocations: 101694)
  Rendered layout layouts/application.html.erb (Duration: 346.9ms | Allocations: 199205)
Completed 200 OK in 382ms (Views: 350.7ms | ActiveRecord: 0.5ms | Allocations: 217051)


